app/build/intermediates/manifest_merge_blame_file/debug/manifest-merger-blame-debug-report.txt
1<?xml version="1.0" encoding="utf-8"?>
2<manifest xmlns:android="http://schemas.android.com/apk/res/android"
3    package="com.example.sem_i"
4    android:versionCode="1"
5    android:versionName="1.0" >
6
7    <uses-sdk
8        android:minSdkVersion="21"
8-->src\main\AndroidManifest.xml
9        android:targetSdkVersion="29" />
9-->src\main\AndroidManifest.xml
10
11    <uses-permission-sdk-23 android:name="android.permission.INTERNET" />
11-->src\main\AndroidManifest.xml:5:5-74
11-->src\main\AndroidManifest.xml:5:29-71
12
13    <uses-permission android:name="android.permission.ACCESS_NETWORK_STATE" />
13-->[com.google.firebase:firebase-firestore:17.1.2] AndroidManifest.xml:10:5-79
13-->[com.google.firebase:firebase-firestore:17.1.2] AndroidManifest.xml:10:22-76
14    <uses-permission android:name="android.permission.INTERNET" />
14-->[com.google.firebase:firebase-firestore:17.1.2] AndroidManifest.xml:11:5-67
14-->[com.google.firebase:firebase-firestore:17.1.2] AndroidManifest.xml:11:22-64
15    <uses-permission android:name="android.permission.WAKE_LOCK" />
15-->[com.google.firebase:firebase-measurement-connector-impl:17.0.2] AndroidManifest.xml:24:5-68
15-->[com.google.firebase:firebase-measurement-connector-impl:17.0.2] AndroidManifest.xml:24:22-65
16    <uses-permission android:name="com.google.android.finsky.permission.BIND_GET_INSTALL_REFERRER_SERVICE" /> <!-- Required by older versions of Google Play services to create IID tokens -->
16-->[com.google.firebase:firebase-analytics:16.0.4] AndroidManifest.xml:26:5-110
16-->[com.google.firebase:firebase-analytics:16.0.4] AndroidManifest.xml:26:22-107
17    <uses-permission android:name="com.google.android.c2dm.permission.RECEIVE" />
17-->[com.google.firebase:firebase-iid:17.0.3] AndroidManifest.xml:26:5-82
17-->[com.google.firebase:firebase-iid:17.0.3] AndroidManifest.xml:26:22-79
18
19    <application
19-->src\main\AndroidManifest.xml:7:5-31:19
20        android:allowBackup="true"
20-->src\main\AndroidManifest.xml:8:9-35
21        android:appComponentFactory="androidx.core.app.CoreComponentFactory"
21-->[androidx.core:core:1.1.0] AndroidManifest.xml:24:18-86
22        android:debuggable="true"
23        android:icon="@mipmap/ic_launcher"
23-->src\main\AndroidManifest.xml:9:9-43
24        android:label="@string/app_name"
24-->src\main\AndroidManifest.xml:10:9-41
25        android:roundIcon="@mipmap/ic_launcher_round"
25-->src\main\AndroidManifest.xml:11:9-54
26        android:supportsRtl="true"
26-->src\main\AndroidManifest.xml:12:9-35
27        android:testOnly="true"
28        android:theme="@style/AppTheme.NoActionBar"
28-->src\main\AndroidManifest.xml:13:9-52
29        android:usesCleartextTraffic="true" >
29-->src\main\AndroidManifest.xml:14:9-44
30        <activity android:name="com.example.sem_i.VerificationActivity" />
30-->src\main\AndroidManifest.xml:15:9-67
30-->src\main\AndroidManifest.xml:15:19-55
31        <activity android:name="com.example.sem_i.TransactionActivity" />
31-->src\main\AndroidManifest.xml:16:9-57
31-->src\main\AndroidManifest.xml:16:19-54
32        <activity android:name="com.example.sem_i.DetailActivity" />
32-->src\main\AndroidManifest.xml:17:9-52
32-->src\main\AndroidManifest.xml:17:19-49
33        <activity android:name="com.example.sem_i.PostActivity" />
33-->src\main\AndroidManifest.xml:18:9-50
33-->src\main\AndroidManifest.xml:18:19-47
34        <activity android:name="com.example.sem_i.EditTrainProvActivity" />
34-->src\main\AndroidManifest.xml:19:9-59
34-->src\main\AndroidManifest.xml:19:19-56
35        <activity android:name="com.example.sem_i.EditPerusahaanActivity" />
35-->src\main\AndroidManifest.xml:20:9-60
35-->src\main\AndroidManifest.xml:20:19-57
36        <activity android:name="com.example.sem_i.ProfileActivity" />
36-->src\main\AndroidManifest.xml:21:9-53
36-->src\main\AndroidManifest.xml:21:19-50
37        <activity android:name="com.example.sem_i.RegisterActivity" />
37-->src\main\AndroidManifest.xml:22:9-54
37-->src\main\AndroidManifest.xml:22:19-51
38        <activity android:name="com.example.sem_i.MainActivity" />
38-->src\main\AndroidManifest.xml:23:9-50
38-->src\main\AndroidManifest.xml:23:19-47
39        <activity android:name="com.example.sem_i.LoginActivity" >
39-->src\main\AndroidManifest.xml:24:9-30:20
39-->src\main\AndroidManifest.xml:24:19-48
40            <intent-filter>
40-->src\main\AndroidManifest.xml:25:13-29:29
41                <action android:name="android.intent.action.MAIN" />
41-->src\main\AndroidManifest.xml:26:17-69
41-->src\main\AndroidManifest.xml:26:25-66
42
43                <category android:name="android.intent.category.LAUNCHER" />
43-->src\main\AndroidManifest.xml:28:17-77
43-->src\main\AndroidManifest.xml:28:27-74
44            </intent-filter>
45        </activity>
46        <activity
46-->[com.google.firebase:firebase-auth:19.1.0] AndroidManifest.xml:24:9-31:50
47            android:name="com.google.firebase.auth.internal.FederatedSignInActivity"
47-->[com.google.firebase:firebase-auth:19.1.0] AndroidManifest.xml:25:13-85
48            android:excludeFromRecents="true"
48-->[com.google.firebase:firebase-auth:19.1.0] AndroidManifest.xml:26:13-46
49            android:exported="true"
49-->[com.google.firebase:firebase-auth:19.1.0] AndroidManifest.xml:27:13-36
50            android:launchMode="singleTask"
50-->[com.google.firebase:firebase-auth:19.1.0] AndroidManifest.xml:28:13-44
51            android:permission="com.google.firebase.auth.api.gms.permission.LAUNCH_FEDERATED_SIGN_IN"
51-->[com.google.firebase:firebase-auth:19.1.0] AndroidManifest.xml:29:13-102
52            android:theme="@android:style/Theme.Translucent.NoTitleBar" />
52-->[com.google.firebase:firebase-auth:19.1.0] AndroidManifest.xml:30:13-72
53
54        <service
54-->[com.google.firebase:firebase-auth:19.1.0] AndroidManifest.xml:33:9-39:19
55            android:name="com.google.firebase.components.ComponentDiscoveryService"
55-->[com.google.firebase:firebase-auth:19.1.0] AndroidManifest.xml:34:13-84
56            android:exported="false" >
56-->[com.google.firebase:firebase-auth:19.1.0] AndroidManifest.xml:35:13-37
57            <meta-data
57-->[com.google.firebase:firebase-auth:19.1.0] AndroidManifest.xml:36:13-38:85
58                android:name="com.google.firebase.components:com.google.firebase.auth.FirebaseAuthRegistrar"
58-->[com.google.firebase:firebase-auth:19.1.0] AndroidManifest.xml:37:17-109
59                android:value="com.google.firebase.components.ComponentRegistrar" />
59-->[com.google.firebase:firebase-auth:19.1.0] AndroidManifest.xml:38:17-82
60            <meta-data
60-->[com.google.firebase:firebase-firestore:17.1.2] AndroidManifest.xml:15:13-17:85
61                android:name="com.google.firebase.components:com.google.firebase.firestore.FirestoreRegistrar"
61-->[com.google.firebase:firebase-firestore:17.1.2] AndroidManifest.xml:16:17-111
62                android:value="com.google.firebase.components.ComponentRegistrar" />
62-->[com.google.firebase:firebase-firestore:17.1.2] AndroidManifest.xml:17:17-82
63            <meta-data
63-->[com.google.firebase:firebase-storage:17.0.0] AndroidManifest.xml:31:13-33:85
64                android:name="com.google.firebase.components:com.google.firebase.storage.StorageRegistrar"
64-->[com.google.firebase:firebase-storage:17.0.0] AndroidManifest.xml:32:17-107
65                android:value="com.google.firebase.components.ComponentRegistrar" />
65-->[com.google.firebase:firebase-storage:17.0.0] AndroidManifest.xml:33:17-82
66            <meta-data
66-->[com.google.firebase:firebase-measurement-connector-impl:17.0.2] AndroidManifest.xml:28:13-30:85
67                android:name="com.google.firebase.components:com.google.firebase.analytics.connector.internal.AnalyticsConnectorRegistrar"
67-->[com.google.firebase:firebase-measurement-connector-impl:17.0.2] AndroidManifest.xml:29:17-139
68                android:value="com.google.firebase.components.ComponentRegistrar" />
68-->[com.google.firebase:firebase-measurement-connector-impl:17.0.2] AndroidManifest.xml:30:17-82
69            <meta-data
69-->[com.google.firebase:firebase-iid:17.0.3] AndroidManifest.xml:32:13-34:85
70                android:name="com.google.firebase.components:com.google.firebase.iid.Registrar"
70-->[com.google.firebase:firebase-iid:17.0.3] AndroidManifest.xml:33:17-96
71                android:value="com.google.firebase.components.ComponentRegistrar" />
71-->[com.google.firebase:firebase-iid:17.0.3] AndroidManifest.xml:34:17-82
72        </service>
73
74        <activity
74-->[com.google.android.gms:play-services-auth:17.0.0] AndroidManifest.xml:23:9-27:75
75            android:name="com.google.android.gms.auth.api.signin.internal.SignInHubActivity"
75-->[com.google.android.gms:play-services-auth:17.0.0] AndroidManifest.xml:24:13-93
76            android:excludeFromRecents="true"
76-->[com.google.android.gms:play-services-auth:17.0.0] AndroidManifest.xml:25:13-46
77            android:exported="false"
77-->[com.google.android.gms:play-services-auth:17.0.0] AndroidManifest.xml:26:13-37
78            android:theme="@android:style/Theme.Translucent.NoTitleBar" />
78-->[com.google.android.gms:play-services-auth:17.0.0] AndroidManifest.xml:27:13-72
79        <!--
80            Service handling Google Sign-In user revocation. For apps that do not integrate with
81            Google Sign-In, this service will never be started.
82        -->
83        <service
83-->[com.google.android.gms:play-services-auth:17.0.0] AndroidManifest.xml:33:9-36:110
84            android:name="com.google.android.gms.auth.api.signin.RevocationBoundService"
84-->[com.google.android.gms:play-services-auth:17.0.0] AndroidManifest.xml:34:13-89
85            android:exported="true"
85-->[com.google.android.gms:play-services-auth:17.0.0] AndroidManifest.xml:35:13-36
86            android:permission="com.google.android.gms.auth.api.signin.permission.REVOCATION_NOTIFICATION" />
86-->[com.google.android.gms:play-services-auth:17.0.0] AndroidManifest.xml:36:13-107
87
88        <provider
88-->[com.squareup.picasso:picasso:2.71828] AndroidManifest.xml:8:9-11:40
89            android:name="com.squareup.picasso.PicassoProvider"
89-->[com.squareup.picasso:picasso:2.71828] AndroidManifest.xml:9:13-64
90            android:authorities="com.example.sem_i.com.squareup.picasso"
90-->[com.squareup.picasso:picasso:2.71828] AndroidManifest.xml:10:13-72
91            android:exported="false" />
91-->[com.squareup.picasso:picasso:2.71828] AndroidManifest.xml:11:13-37
92
93        <receiver
93-->[com.google.firebase:firebase-analytics:16.0.4] AndroidManifest.xml:29:9-33:20
94            android:name="com.google.android.gms.measurement.AppMeasurementReceiver"
94-->[com.google.firebase:firebase-analytics:16.0.4] AndroidManifest.xml:30:13-85
95            android:enabled="true"
95-->[com.google.firebase:firebase-analytics:16.0.4] AndroidManifest.xml:31:13-35
96            android:exported="false" >
96-->[com.google.firebase:firebase-analytics:16.0.4] AndroidManifest.xml:32:13-37
97        </receiver>
98        <receiver
98-->[com.google.firebase:firebase-analytics:16.0.4] AndroidManifest.xml:34:9-42:20
99            android:name="com.google.android.gms.measurement.AppMeasurementInstallReferrerReceiver"
99-->[com.google.firebase:firebase-analytics:16.0.4] AndroidManifest.xml:35:13-100
100            android:enabled="true"
100-->[com.google.firebase:firebase-analytics:16.0.4] AndroidManifest.xml:36:13-35
101            android:exported="true"
101-->[com.google.firebase:firebase-analytics:16.0.4] AndroidManifest.xml:37:13-36
102            android:permission="android.permission.INSTALL_PACKAGES" >
102-->[com.google.firebase:firebase-analytics:16.0.4] AndroidManifest.xml:38:13-69
103            <intent-filter>
103-->[com.google.firebase:firebase-analytics:16.0.4] AndroidManifest.xml:39:13-41:29
104                <action android:name="com.android.vending.INSTALL_REFERRER" />
104-->[com.google.firebase:firebase-analytics:16.0.4] AndroidManifest.xml:40:17-79
104-->[com.google.firebase:firebase-analytics:16.0.4] AndroidManifest.xml:40:25-76
105            </intent-filter>
106        </receiver>
107
108        <service
108-->[com.google.firebase:firebase-analytics:16.0.4] AndroidManifest.xml:44:9-47:40
109            android:name="com.google.android.gms.measurement.AppMeasurementService"
109-->[com.google.firebase:firebase-analytics:16.0.4] AndroidManifest.xml:45:13-84
110            android:enabled="true"
110-->[com.google.firebase:firebase-analytics:16.0.4] AndroidManifest.xml:46:13-35
111            android:exported="false" />
111-->[com.google.firebase:firebase-analytics:16.0.4] AndroidManifest.xml:47:13-37
112        <service
112-->[com.google.firebase:firebase-analytics:16.0.4] AndroidManifest.xml:48:9-52:72
113            android:name="com.google.android.gms.measurement.AppMeasurementJobService"
113-->[com.google.firebase:firebase-analytics:16.0.4] AndroidManifest.xml:49:13-87
114            android:enabled="true"
114-->[com.google.firebase:firebase-analytics:16.0.4] AndroidManifest.xml:50:13-35
115            android:exported="false"
115-->[com.google.firebase:firebase-analytics:16.0.4] AndroidManifest.xml:51:13-37
116            android:permission="android.permission.BIND_JOB_SERVICE" />
116-->[com.google.firebase:firebase-analytics:16.0.4] AndroidManifest.xml:52:13-69
117
118        <receiver
118-->[com.google.firebase:firebase-iid:17.0.3] AndroidManifest.xml:37:9-44:20
119            android:name="com.google.firebase.iid.FirebaseInstanceIdReceiver"
119-->[com.google.firebase:firebase-iid:17.0.3] AndroidManifest.xml:38:13-78
120            android:exported="true"
120-->[com.google.firebase:firebase-iid:17.0.3] AndroidManifest.xml:39:13-36
121            android:permission="com.google.android.c2dm.permission.SEND" >
121-->[com.google.firebase:firebase-iid:17.0.3] AndroidManifest.xml:40:13-73
122            <intent-filter>
122-->[com.google.firebase:firebase-iid:17.0.3] AndroidManifest.xml:41:13-43:29
123                <action android:name="com.google.android.c2dm.intent.RECEIVE" />
123-->[com.google.firebase:firebase-iid:17.0.3] AndroidManifest.xml:42:17-81
123-->[com.google.firebase:firebase-iid:17.0.3] AndroidManifest.xml:42:25-78
124            </intent-filter>
125        </receiver>
126        <!--
127             FirebaseInstanceIdService performs security checks at runtime,
128             no need for explicit permissions despite exported="true"
129        -->
130        <service
130-->[com.google.firebase:firebase-iid:17.0.3] AndroidManifest.xml:50:9-56:19
131            android:name="com.google.firebase.iid.FirebaseInstanceIdService"
131-->[com.google.firebase:firebase-iid:17.0.3] AndroidManifest.xml:51:13-77
132            android:exported="true" >
132-->[com.google.firebase:firebase-iid:17.0.3] AndroidManifest.xml:52:13-36
133            <intent-filter android:priority="-500" >
133-->[com.google.firebase:firebase-iid:17.0.3] AndroidManifest.xml:53:13-55:29
133-->[com.google.firebase:firebase-iid:17.0.3] AndroidManifest.xml:53:28-51
134                <action android:name="com.google.firebase.INSTANCE_ID_EVENT" />
134-->[com.google.firebase:firebase-iid:17.0.3] AndroidManifest.xml:54:17-80
134-->[com.google.firebase:firebase-iid:17.0.3] AndroidManifest.xml:54:25-77
135            </intent-filter>
136        </service>
137
138        <activity
138-->[com.google.android.gms:play-services-base:17.1.0] AndroidManifest.xml:23:9-26:75
139            android:name="com.google.android.gms.common.api.GoogleApiActivity"
139-->[com.google.android.gms:play-services-base:17.1.0] AndroidManifest.xml:24:13-79
140            android:exported="false"
140-->[com.google.android.gms:play-services-base:17.1.0] AndroidManifest.xml:25:13-37
141            android:theme="@android:style/Theme.Translucent.NoTitleBar" />
141-->[com.google.android.gms:play-services-base:17.1.0] AndroidManifest.xml:26:13-72
142
143        <provider
143-->[com.google.firebase:firebase-common:19.0.0] AndroidManifest.xml:12:9-16:39
144            android:name="com.google.firebase.provider.FirebaseInitProvider"
144-->[com.google.firebase:firebase-common:19.0.0] AndroidManifest.xml:13:13-77
145            android:authorities="com.example.sem_i.firebaseinitprovider"
145-->[com.google.firebase:firebase-common:19.0.0] AndroidManifest.xml:14:13-72
146            android:exported="false"
146-->[com.google.firebase:firebase-common:19.0.0] AndroidManifest.xml:15:13-37
147            android:initOrder="100" />
147-->[com.google.firebase:firebase-common:19.0.0] AndroidManifest.xml:16:13-36
148
149        <meta-data
149-->[com.google.android.gms:play-services-basement:17.0.0] AndroidManifest.xml:23:9-25:69
150            android:name="com.google.android.gms.version"
150-->[com.google.android.gms:play-services-basement:17.0.0] AndroidManifest.xml:24:13-58
151            android:value="@integer/google_play_services_version" />
151-->[com.google.android.gms:play-services-basement:17.0.0] AndroidManifest.xml:25:13-66
152    </application>
153
154</manifest>